<?xml version="1.0" encoding="UTF-8"?>
<testsuite xmlns:xsi="http://www.w3.org/2001/XMLSchema-instance" xsi:noNamespaceSchemaLocation="https://maven.apache.org/surefire/maven-surefire-plugin/xsd/surefire-test-report.xsd" name="com.sweng.cardsmule.CardsmuleSuite" time="8.52" tests="2" errors="0" skipped="0" failures="0">
  <properties>
[...]
</properties>
  <testcase name="testGreetingService" classname="com.sweng.cardsmule.client.CardsmuleTest" time="8.491"/>
  <testcase name="testFieldVerifier" classname="com.sweng.cardsmule.client.CardsmuleTest" time="0.012"/>
</testsuite>